<?xml version="1.0" encoding="UTF-8"?>
<!-- Generated by org.testng.reporters.JUnitReportReporter -->
<testsuite hostname="DESKTOP-S1I16RM" failures="0" tests="2" name="farazqa.aio.automation.EndToEnd" time="26.548" errors="0" timestamp="2024-04-25T08:34:27 PDT" skipped="0">
  <testcase classname="farazqa.aio.automation.EndToEnd" name="Launch" time="11.187"/>
  <testcase classname="farazqa.aio.automation.EndToEnd" name="verifyChangeURL" time="15.361"/>
</testsuite> <!-- farazqa.aio.automation.EndToEnd -->
